21:18:38  INFO  Loading cohort from C:\Users\hunte\projects\baseball\data\injury_labels.parquet
21:18:38  INFO  Cohort rows (arm injuries): 336
21:18:39  INFO  Cohort eligible (>=200 healthy): 111
21:18:43  INFO  Trained 10/10 pitchers so far (0.1 min elapsed)
21:18:51  INFO  Trained 20/20 pitchers so far (0.2 min elapsed)
21:19:06  INFO  Trained 30/30 pitchers so far (0.4 min elapsed)
21:19:15  INFO  Trained 40/40 pitchers so far (0.6 min elapsed)
21:19:27  INFO  Trained 50/50 pitchers so far (0.8 min elapsed)
21:19:40  INFO  Trained 60/60 pitchers so far (1.0 min elapsed)
21:19:59  INFO  Trained 70/70 pitchers so far (1.3 min elapsed)
21:20:11  INFO  Trained 80/80 pitchers so far (1.5 min elapsed)
21:20:36  INFO  Trained 90/90 pitchers so far (1.9 min elapsed)
21:21:08  INFO  Trained 100/100 pitchers so far (2.5 min elapsed)
21:21:56  INFO  Trained 110/110 pitchers so far (3.3 min elapsed)
21:22:03  INFO  Training step done.  Trained=111, skipped=0, wall=3.4 min
21:22:03  INFO  Step 2: lead-time analysis
21:22:08  INFO  Step 3: ROC/AUC (MDI)
21:22:08  INFO  Training 50 healthy-baseline VAEs for ROC
21:22:35  INFO  healthy trained 10/50
21:22:59  INFO  healthy trained 20/50
21:23:24  INFO  healthy trained 30/50
21:23:51  INFO  healthy trained 40/50
21:25:00  INFO  healthy trained 50/50
21:25:04  INFO  Step 5: FPR on healthy seasons
{
  "n_trained": 111,
  "median_lead_t70": 63.0,
  "auc_mdi": 0.38409145516395415,
  "auc_vel": 0.27131656486715483,
  "delta_auc": 0.11277489029679932,
  "pct_breach_80_healthy": 100.0,
  "wall_minutes": 6.43
}
