22:59:09  INFO  Loading injury cohort
22:59:09  INFO  Arm-injury unique pitchers (2015-16): 336
22:59:09  INFO  Loading healthy pool
22:59:09  INFO  Healthy pool candidates: 647
22:59:09  INFO  Healthy cohort selected: 300
22:59:09  INFO  Fitting VWR parameters on injured cohort
22:59:14  INFO  Fitted 8 injured so far, 0.1 min elapsed
22:59:15  INFO  Fitted 12 injured so far, 0.1 min elapsed
22:59:22  INFO  Fitted 29 injured so far, 0.2 min elapsed
22:59:30  INFO  Fitted 49 injured so far, 0.4 min elapsed
22:59:39  INFO  Injured fit: n=64, skipped=272, 0.5 min
22:59:39  INFO  Fitting VWR parameters on healthy cohort
22:59:52  INFO  Healthy fit 25/300, 0.2 min elapsed
23:00:02  INFO  Healthy fit 50/300, 0.4 min elapsed
23:00:15  INFO  Healthy fit 75/300, 0.6 min elapsed
23:00:27  INFO  Healthy fit 100/300, 0.8 min elapsed
23:00:38  INFO  Healthy fit 125/300, 1.0 min elapsed
23:00:49  INFO  Healthy fit 150/300, 1.2 min elapsed
23:01:02  INFO  Healthy fit 175/300, 1.4 min elapsed
23:01:15  INFO  Healthy fit 200/300, 1.6 min elapsed
23:01:26  INFO  Healthy fit 225/300, 1.8 min elapsed
23:01:40  INFO  Healthy fit 250/300, 2.0 min elapsed
23:01:48  INFO  Healthy fit 275/300, 2.2 min elapsed
23:01:59  INFO  Healthy fit 300/300, 2.3 min elapsed
23:01:59  INFO  Healthy fit: n=300, skipped=0, 2.3 min
23:01:59  INFO  Computing injured trajectories (pre-IL 90 days)
23:02:01  INFO  Injured with trajectories: 53
23:02:01  INFO  Computing healthy trajectories (random 90-day window)
23:02:13  INFO  Healthy with trajectories: 298
23:02:13  INFO  Computing ROC/AUC at 30-day window
23:03:03  INFO  Partialling out season_day
23:03:04  INFO  Lead-time analysis
23:03:04  INFO  FPR on healthy seasons
{
  "verdict": "MARGINAL",
  "auc": 0.5618764757969303,
  "auc_ci": [
    0.5215251847361986,
    0.6017730729691019
  ],
  "delta_auc": 0.04506872997132738,
  "median_lead": 36.0,
  "fpr_pct": 12.080536912751679,
  "residual_auc": 0.7520761300387924,
  "season_day_auc": 0.2687584331253162,
  "n_injured": 64,
  "n_healthy": 300,
  "wall_min": 3.91
}
